09:41:19,515 DEBUG [org.alfresco.webservice.test.RepositoryServiceSystemTest] There are 1 rows:
09:41:19,515 DEBUG [org.alfresco.webservice.test.RepositoryServiceSystemTest] row 0: {http://www.alfresco.org/model/system/1.0}store-protocol = workspace
09:41:19,515 DEBUG [org.alfresco.webservice.test.RepositoryServiceSystemTest] row 0: {http://www.alfresco.org/model/content/1.0}modifier = admin
09:41:19,515 DEBUG [org.alfresco.webservice.test.RepositoryServiceSystemTest] row 0: {http://www.alfresco.org/model/content/1.0}name = test content
09:41:19,515 DEBUG [org.alfresco.webservice.test.RepositoryServiceSystemTest] row 0: {http://www.alfresco.org/model/content/1.0}content = contentUrl=store://2006/1/18/797da6c9-8806-11da-949c-1196ac6a9be9.bin|mimetype=text/plain|size=54|encoding=UTF-8
09:41:19,531 DEBUG [org.alfresco.webservice.test.RepositoryServiceSystemTest] row 0: {http://www.alfresco.org/model/content/1.0}modified = Wed Jan 18 09:40:35 GMT 2006
09:41:19,531 DEBUG [org.alfresco.webservice.test.RepositoryServiceSystemTest] row 0: {http://www.alfresco.org/model/content/1.0}created = Wed Jan 18 09:40:34 GMT 2006
09:41:19,531 DEBUG [org.alfresco.webservice.test.RepositoryServiceSystemTest] row 0: {http://www.alfresco.org/model/system/1.0}store-identifier = Test1137577233140
09:41:19,531 DEBUG [org.alfresco.webservice.test.RepositoryServiceSystemTest] row 0: {http://www.alfresco.org/model/system/1.0}node-uuid = 790d7fd4-8806-11da-949c-1196ac6a9be9
09:41:19,531 DEBUG [org.alfresco.webservice.test.RepositoryServiceSystemTest] row 0: {http://www.alfresco.org/model/content/1.0}creator = admin
09:41:19,781 DEBUG [org.alfresco.webservice.test.RepositoryServiceSystemTest] There are 17 rows in total
09:41:19,781 DEBUG [org.alfresco.webservice.test.RepositoryServiceSystemTest] There are 5 rows in the first set
09:41:19,859 DEBUG [org.alfresco.webservice.test.RepositoryServiceSystemTest] There are 5 rows in the second set
09:41:20,031 DEBUG [org.alfresco.webservice.test.RepositoryServiceSystemTest] There were another 5 rows returned
09:41:20,093 DEBUG [org.alfresco.webservice.test.RepositoryServiceSystemTest] There were another 2 rows returned
09:41:20,265 DEBUG [org.alfresco.webservice.test.RepositoryServiceSystemTest] Retrieving parents for first node found: 790d7fd4-8806-11da-949c-1196ac6a9be9....
09:41:20,328 DEBUG [org.alfresco.webservice.test.RepositoryServiceSystemTest] parent node = 78b7beae-8806-11da-949c-1196ac6a9be9, type = {http://www.alfresco.org/model/system/1.0}store_root
09:41:20,734 DEBUG [org.alfresco.webservice.test.RepositoryServiceSystemTest] type name = {http://www.alfresco.org/model/content/1.0}content
09:41:20,734 DEBUG [org.alfresco.webservice.test.RepositoryServiceSystemTest] is aspect = false
09:41:20,734 DEBUG [org.alfresco.webservice.test.RepositoryServiceSystemTest] There are 2 properties:
09:41:20,734 DEBUG [org.alfresco.webservice.test.RepositoryServiceSystemTest] name = {http://www.alfresco.org/model/content/1.0}content type = {http://www.alfresco.org/model/dictionary/1.0}content
09:41:20,734 DEBUG [org.alfresco.webservice.test.RepositoryServiceSystemTest] name = {http://www.alfresco.org/model/content/1.0}name type = {http://www.alfresco.org/model/dictionary/1.0}text
09:41:20,890 DEBUG [org.alfresco.webservice.test.RepositoryServiceSystemTest] type name = {http://www.alfresco.org/model/content/1.0}folder
09:41:20,890 DEBUG [org.alfresco.webservice.test.RepositoryServiceSystemTest] is aspect = false
09:41:20,890 DEBUG [org.alfresco.webservice.test.RepositoryServiceSystemTest] There are 2 properties:
09:41:20,890 DEBUG [org.alfresco.webservice.test.RepositoryServiceSystemTest] name = {http://www.alfresco.org/model/content/1.0}orderedchildren type = {http://www.alfresco.org/model/dictionary/1.0}boolean
09:41:20,890 DEBUG [org.alfresco.webservice.test.RepositoryServiceSystemTest] name = {http://www.alfresco.org/model/content/1.0}name type = {http://www.alfresco.org/model/dictionary/1.0}text
09:41:23,609 DEBUG [org.alfresco.webservice.test.RepositoryServiceSystemTest] Root node type = {http://www.alfresco.org/model/system/1.0}store_root
09:41:23,609 DEBUG [org.alfresco.webservice.test.RepositoryServiceSystemTest] Root node aspects = {http://www.alfresco.org/model/system/1.0}aspect_root, 
09:41:23,609 DEBUG [org.alfresco.webservice.test.RepositoryServiceSystemTest] Root node property {http://www.alfresco.org/model/system/1.0}store-protocol = workspace
09:41:23,609 DEBUG [org.alfresco.webservice.test.RepositoryServiceSystemTest] Root node property {http://www.alfresco.org/model/content/1.0}name = 78b7beae-8806-11da-949c-1196ac6a9be9
09:41:23,609 DEBUG [org.alfresco.webservice.test.RepositoryServiceSystemTest] Root node property {http://www.alfresco.org/model/system/1.0}node-uuid = 78b7beae-8806-11da-949c-1196ac6a9be9
09:41:23,609 DEBUG [org.alfresco.webservice.test.RepositoryServiceSystemTest] Root node property {http://www.alfresco.org/model/system/1.0}store-identifier = Test1137577233140
