09/19/07 03:01:22 PM - Building message catalogs...
09/19/07 03:01:22 PM - Building Linux x86 install...  
09/19/07 03:01:22 PM - Building main.tcl...
09/19/07 03:01:22 PM - Getting file list...
09/19/07 03:01:23 PM - Saving install information...
09/19/07 03:01:30 PM - Building install...
09/19/07 03:01:32 PM - Wrapping install files...
09/19/07 03:01:37 PM - Linux x86 build completed in 00m15s.
09/19/07 03:01:37 PM - Installer size is 3.56 MB.
09/19/07 03:01:38 PM - Building Windows install...  
09/19/07 03:01:38 PM - Building main.tcl...
09/19/07 03:01:38 PM - Getting file list...
09/19/07 03:01:38 PM - Saving install information...
09/19/07 03:01:40 PM - Building install...
09/19/07 03:01:42 PM - Wrapping install files...
09/19/07 03:01:55 PM - Windows build completed in 00m18s.
09/19/07 03:01:55 PM - Installer size is 3.43 MB.
09/19/07 03:01:55 PM - Build completed in 00m33s.
09/19/07 03:07:10 PM - Building message catalogs...
09/19/07 03:07:10 PM - Building Linux x86 install...  
09/19/07 03:07:10 PM - Building main.tcl...
09/19/07 03:07:10 PM - Getting file list...
09/19/07 03:07:10 PM - Saving install information...
09/19/07 03:07:12 PM - Building install...
09/19/07 03:07:13 PM - Wrapping install files...
09/19/07 03:07:13 PM - Linux x86 build completed in 00m03s.
09/19/07 03:07:13 PM - Installer size is 3.56 MB.
09/19/07 03:07:13 PM - Building Windows install...  
09/19/07 03:07:13 PM - Building main.tcl...
09/19/07 03:07:13 PM - Getting file list...
09/19/07 03:07:14 PM - Saving install information...
09/19/07 03:07:15 PM - Building install...
09/19/07 03:07:16 PM - Wrapping install files...
09/19/07 03:07:22 PM - Windows build completed in 00m09s.
09/19/07 03:07:22 PM - Installer size is 3.43 MB.
09/19/07 03:07:22 PM - Build completed in 00m13s.
09/19/07 04:28:57 PM - Building message catalogs...
09/19/07 04:28:57 PM - Building Linux x86 install...  
09/19/07 04:28:57 PM - Building main.tcl...
09/19/07 04:28:57 PM - Getting file list...
09/19/07 04:28:57 PM - Saving install information...
09/19/07 04:29:00 PM - Building install...
09/19/07 04:29:00 PM - Wrapping install files...
09/19/07 04:29:02 PM - Linux x86 build completed in 00m05s.
09/19/07 04:29:02 PM - Installer size is 3.56 MB.
09/19/07 04:29:02 PM - Building Windows install...  
09/19/07 04:29:02 PM - Building main.tcl...
09/19/07 04:29:02 PM - Getting file list...
09/19/07 04:29:02 PM - Saving install information...
09/19/07 04:29:04 PM - Building install...
09/19/07 04:29:05 PM - Wrapping install files...
09/19/07 04:29:08 PM - Windows build completed in 00m06s.
09/19/07 04:29:08 PM - Installer size is 3.43 MB.
09/19/07 04:29:08 PM - Build completed in 00m11s.
09/19/07 04:40:42 PM - Building message catalogs...
09/19/07 04:40:42 PM - Building Linux x86 install...  
09/19/07 04:40:42 PM - Building main.tcl...
09/19/07 04:40:42 PM - Getting file list...
09/19/07 04:40:42 PM - Saving install information...
09/19/07 04:40:44 PM - Building install...
09/19/07 04:40:44 PM - Wrapping install files...
09/19/07 04:40:45 PM - Linux x86 build completed in 00m03s.
09/19/07 04:40:45 PM - Installer size is 3.56 MB.
09/19/07 04:40:45 PM - Building Windows install...  
09/19/07 04:40:45 PM - Building main.tcl...
09/19/07 04:40:45 PM - Getting file list...
09/19/07 04:40:45 PM - Saving install information...
09/19/07 04:40:47 PM - Building install...
09/19/07 04:40:47 PM - Wrapping install files...
09/19/07 04:40:50 PM - Windows build completed in 00m05s.
09/19/07 04:40:50 PM - Installer size is 3.43 MB.
09/19/07 04:40:50 PM - Build completed in 00m08s.
09/19/07 04:42:30 PM - Building message catalogs...
09/19/07 04:42:31 PM - Building Linux x86 install...  
09/19/07 04:42:31 PM - Building main.tcl...
09/19/07 04:42:31 PM - Getting file list...
09/19/07 04:42:31 PM - Saving install information...
09/19/07 04:42:33 PM - Building install...
09/19/07 04:42:33 PM - Wrapping install files...
09/19/07 04:42:34 PM - Linux x86 build completed in 00m04s.
09/19/07 04:42:34 PM - Installer size is 3.56 MB.
09/19/07 04:42:34 PM - Building Windows install...  
09/19/07 04:42:34 PM - Building main.tcl...
09/19/07 04:42:34 PM - Getting file list...
09/19/07 04:42:34 PM - Saving install information...
09/19/07 04:42:36 PM - Building install...
09/19/07 04:42:37 PM - Wrapping install files...
09/19/07 04:42:40 PM - Windows build completed in 00m06s.
09/19/07 04:42:40 PM - Installer size is 3.43 MB.
09/19/07 04:42:40 PM - Build completed in 00m10s.
09/19/07 04:43:19 PM - Building message catalogs...
09/19/07 04:43:19 PM - Building Linux x86 install...  
09/19/07 04:43:19 PM - Building main.tcl...
09/19/07 04:43:19 PM - Getting file list...
09/19/07 04:43:19 PM - Saving install information...
09/19/07 04:43:21 PM - Building install...
09/19/07 04:43:22 PM - Wrapping install files...
09/19/07 04:43:22 PM - Linux x86 build completed in 00m03s.
09/19/07 04:43:22 PM - Installer size is 3.56 MB.
09/19/07 04:43:22 PM - Building Windows install...  
09/19/07 04:43:22 PM - Building main.tcl...
09/19/07 04:43:22 PM - Getting file list...
09/19/07 04:43:22 PM - Saving install information...
09/19/07 04:43:24 PM - Building install...
09/19/07 04:43:25 PM - Wrapping install files...
09/19/07 04:43:28 PM - Windows build completed in 00m06s.
09/19/07 04:43:28 PM - Installer size is 3.43 MB.
09/19/07 04:43:28 PM - Build completed in 00m09s.
09/19/07 04:59:29 PM - Building message catalogs...
09/19/07 04:59:29 PM - Building Linux x86 install...  
09/19/07 04:59:29 PM - Building main.tcl...
09/19/07 04:59:29 PM - Getting file list...
09/19/07 04:59:29 PM - Saving install information...
09/19/07 04:59:31 PM - Building install...
09/19/07 04:59:31 PM - Wrapping install files...
09/19/07 04:59:34 PM - Linux x86 build completed in 00m05s.
09/19/07 04:59:34 PM - Installer size is 3.56 MB.
09/19/07 04:59:34 PM - Building Windows install...  
09/19/07 04:59:34 PM - Building main.tcl...
09/19/07 04:59:34 PM - Getting file list...
09/19/07 04:59:37 PM - Saving install information...
09/19/07 04:59:42 PM - Building install...
09/19/07 04:59:43 PM - Wrapping install files...
09/19/07 04:59:45 PM - Windows build completed in 00m11s.
09/19/07 04:59:45 PM - Installer size is 3.43 MB.
09/19/07 04:59:45 PM - Build completed in 00m16s.
09/19/07 05:01:27 PM - Building message catalogs...
09/19/07 05:01:27 PM - Building Linux x86 install...  
09/19/07 05:01:27 PM - Building main.tcl...
09/19/07 05:01:27 PM - Getting file list...
09/19/07 05:01:27 PM - Saving install information...
09/19/07 05:01:29 PM - Building install...
09/19/07 05:01:29 PM - Wrapping install files...
09/19/07 05:01:29 PM - Linux x86 build completed in 00m02s.
09/19/07 05:01:29 PM - Installer size is 3.56 MB.
09/19/07 05:01:29 PM - Building Windows install...  
09/19/07 05:01:29 PM - Building main.tcl...
09/19/07 05:01:29 PM - Getting file list...
09/19/07 05:01:30 PM - Saving install information...
09/19/07 05:01:31 PM - Building install...
09/19/07 05:01:32 PM - Wrapping install files...
09/19/07 05:01:34 PM - Windows build completed in 00m05s.
09/19/07 05:01:34 PM - Installer size is 3.43 MB.
09/19/07 05:01:34 PM - Build completed in 00m07s.
09/19/07 05:06:06 PM - Building message catalogs...
09/19/07 05:06:07 PM - Building Linux x86 install...  
09/19/07 05:06:07 PM - Building main.tcl...
09/19/07 05:06:07 PM - Getting file list...
09/19/07 05:06:07 PM - Saving install information...
09/19/07 05:06:08 PM - Building install...
09/19/07 05:06:08 PM - Wrapping install files...
09/19/07 05:06:09 PM - Linux x86 build completed in 00m03s.
09/19/07 05:06:09 PM - Installer size is 3.56 MB.
09/19/07 05:06:09 PM - Building Windows install...  
09/19/07 05:06:09 PM - Building main.tcl...
09/19/07 05:06:09 PM - Getting file list...
09/19/07 05:06:09 PM - Saving install information...
09/19/07 05:06:11 PM - Building install...
09/19/07 05:06:14 PM - Wrapping install files...
09/19/07 05:06:19 PM - Windows build completed in 00m10s.
09/19/07 05:06:19 PM - Installer size is 3.43 MB.
09/19/07 05:06:19 PM - Build completed in 00m13s.
09/19/07 05:07:54 PM - Building message catalogs...
09/19/07 05:07:54 PM - Building Linux x86 install...  
09/19/07 05:07:54 PM - Building main.tcl...
09/19/07 05:07:54 PM - Getting file list...
09/19/07 05:07:54 PM - Saving install information...
09/19/07 05:07:56 PM - Building install...
09/19/07 05:07:56 PM - Wrapping install files...
09/19/07 05:07:57 PM - Linux x86 build completed in 00m03s.
09/19/07 05:07:57 PM - Installer size is 3.56 MB.
09/19/07 05:07:57 PM - Building Windows install...  
09/19/07 05:07:57 PM - Building main.tcl...
09/19/07 05:07:57 PM - Getting file list...
09/19/07 05:07:57 PM - Saving install information...
09/19/07 05:07:59 PM - Building install...
09/19/07 05:08:00 PM - Wrapping install files...
09/19/07 05:08:03 PM - Windows build completed in 00m06s.
09/19/07 05:08:03 PM - Installer size is 3.43 MB.
09/19/07 05:08:03 PM - Build completed in 00m09s.
09/19/07 05:09:34 PM - Building message catalogs...
09/19/07 05:09:35 PM - Building Linux x86 install...  
09/19/07 05:09:35 PM - Building main.tcl...
09/19/07 05:09:35 PM - Getting file list...
09/19/07 05:09:35 PM - Saving install information...
09/19/07 05:09:37 PM - Building install...
09/19/07 05:09:37 PM - Wrapping install files...
09/19/07 05:09:38 PM - Linux x86 build completed in 00m04s.
09/19/07 05:09:38 PM - Installer size is 3.56 MB.
09/19/07 05:09:38 PM - Building Windows install...  
09/19/07 05:09:38 PM - Building main.tcl...
09/19/07 05:09:38 PM - Getting file list...
09/19/07 05:09:38 PM - Saving install information...
09/19/07 05:09:40 PM - Building install...
09/19/07 05:09:40 PM - Wrapping install files...
09/19/07 05:09:47 PM - Windows build completed in 00m09s.
09/19/07 05:09:47 PM - Installer size is 3.43 MB.
09/19/07 05:09:47 PM - Build completed in 00m13s.
09/19/07 05:11:54 PM - Building message catalogs...
09/19/07 05:11:54 PM - Building Linux x86 install...  
09/19/07 05:11:54 PM - Building main.tcl...
09/19/07 05:11:54 PM - Getting file list...
09/19/07 05:11:54 PM - Saving install information...
09/19/07 05:11:56 PM - Building install...
09/19/07 05:11:56 PM - Wrapping install files...
09/19/07 05:11:57 PM - Linux x86 build completed in 00m03s.
09/19/07 05:11:57 PM - Installer size is 3.56 MB.
09/19/07 05:11:57 PM - Building Windows install...  
09/19/07 05:11:57 PM - Building main.tcl...
09/19/07 05:11:57 PM - Getting file list...
09/19/07 05:11:57 PM - Saving install information...
09/19/07 05:11:59 PM - Building install...
09/19/07 05:11:59 PM - Wrapping install files...
09/19/07 05:12:02 PM - Windows build completed in 00m05s.
09/19/07 05:12:02 PM - Installer size is 3.43 MB.
09/19/07 05:12:02 PM - Build completed in 00m08s.
09/20/07 03:48:32 PM - Building message catalogs...
09/20/07 03:48:32 PM - Building Linux x86 install...  
09/20/07 03:48:32 PM - Building main.tcl...
09/20/07 03:48:32 PM - Getting file list...
09/20/07 03:48:32 PM - Saving install information...
09/20/07 03:48:34 PM - Building install...
09/20/07 03:48:38 PM - Linux x86 build completed in 00m06s.
09/20/07 03:48:38 PM - Installer size is 3.56 MB.
09/20/07 03:48:38 PM - Linux x86 build complete.
09/20/07 03:48:39 PM - Building Windows install...  
09/20/07 03:48:39 PM - Building main.tcl...
09/20/07 03:48:39 PM - Getting file list...
09/20/07 03:48:39 PM - Saving install information...
09/20/07 03:48:41 PM - Building install...
09/20/07 03:48:46 PM - Windows build completed in 00m08s.
09/20/07 03:48:46 PM - Installer size is 3.44 MB.
09/20/07 03:48:46 PM - Windows build complete.
09/20/07 03:48:46 PM - Build completed in 00m14s.
